<?xml version="1.0" encoding="UTF-8"?>
<testng-results ignored="0" total="0" passed="0" failed="0" skipped="0">
  <reporter-output>
  </reporter-output>
  <suite started-at="2024-02-15T20:05:42 WET" name="Default suite" finished-at="2024-02-15T20:05:42 WET" duration-ms="151">
    <groups>
      <group name="cucumber">
        <method signature="AbstractTestNGCucumberTests.runScenario(io.cucumber.testng.PickleWrapper,io.cucumber.testng.FeatureWrapper)[pri:0, instance:petStoreExercicioBDD.TestRunner@3a52dba3]" name="runScenario" class="io.cucumber.testng.AbstractTestNGCucumberTests"/>
      </group> <!-- cucumber -->
    </groups>
    <test started-at="2024-02-15T20:05:42 WET" name="Default test" finished-at="2024-02-15T20:05:42 WET" duration-ms="151">
      <class name="petStoreExercicioBDD.TestRunner">
        <test-method is-config="true" signature="setUpClass(org.testng.ITestContext)[pri:0, instance:petStoreExercicioBDD.TestRunner@3a52dba3]" started-at="2024-02-15T20:05:42 WET" name="setUpClass" finished-at="2024-02-15T20:05:42 WET" duration-ms="129" status="PASS">
          <params>
            <param index="0">
              <value>
                <![CDATA[org.testng.TestRunner@3a12c404]]>
              </value>
            </param>
          </params>
          <reporter-output>
          </reporter-output>
        </test-method> <!-- setUpClass -->
        <test-method is-config="true" signature="tearDownClass()[pri:0, instance:petStoreExercicioBDD.TestRunner@3a52dba3]" started-at="2024-02-15T20:05:42 WET" name="tearDownClass" finished-at="2024-02-15T20:05:42 WET" duration-ms="6" status="PASS">
          <reporter-output>
          </reporter-output>
        </test-method> <!-- tearDownClass -->
      </class> <!-- petStoreExercicioBDD.TestRunner -->
    </test> <!-- Default test -->
  </suite> <!-- Default suite -->
</testng-results>
